[debug] [2022-02-19T00:20:11.740Z] ----------------------------------------------------------------------
[debug] [2022-02-19T00:20:11.742Z] Command:       C:\Program Files\nodejs\node.exe C:\Users\jesse\AppData\Roaming\npm\node_modules\firebase-tools\lib\bin\firebase.js init
[debug] [2022-02-19T00:20:11.742Z] CLI Version:   10.2.1
[debug] [2022-02-19T00:20:11.742Z] Platform:      win32
[debug] [2022-02-19T00:20:11.742Z] Node Version:  v16.14.0
[debug] [2022-02-19T00:20:11.743Z] Time:          Fri Feb 18 2022 18:20:11 GMT-0600 (Central Standard Time)
[debug] [2022-02-19T00:20:11.744Z] ----------------------------------------------------------------------
[debug] 
[debug] [2022-02-19T00:20:11.808Z] > command requires scopes: ["email","openid","https://www.googleapis.com/auth/cloudplatformprojects.readonly","https://www.googleapis.com/auth/firebase","https://www.googleapis.com/auth/cloud-platform"]
[debug] [2022-02-19T00:20:11.809Z] > authorizing via signed-in user (jesse.borries@gmail.com)
[info] 
     ######## #### ########  ######## ########     ###     ######  ########
     ##        ##  ##     ## ##       ##     ##  ##   ##  ##       ##
     ######    ##  ########  ######   ########  #########  ######  ######
     ##        ##  ##    ##  ##       ##     ## ##     ##       ## ##
     ##       #### ##     ## ######## ########  ##     ##  ######  ########

You're about to initialize a Firebase project in this directory:

  C:\Users\jesse\Code\New folder\vue-firebase-crud-main

Before we get started, keep in mind:

  * You are initializing within an existing Firebase project directory

[info] 
=== Project Setup
[info] 
[info] First, let's associate this project directory with a Firebase project.
[info] You can create multiple project aliases by running firebase use --add, 
[info] but for now we'll just set up a default project.
[info] 
[debug] [2022-02-19T00:20:48.735Z] Using project from CLI flag: vue-3-crud
[debug] [2022-02-19T00:20:48.738Z] > refreshing access token with scopes: []
[debug] [2022-02-19T00:20:48.739Z] >>> HTTP REQUEST POST https://www.googleapis.com/oauth2/v3/token  
 <request body omitted>
[debug] [2022-02-19T00:20:48.906Z] <<< HTTP RESPONSE 200 {"date":"Sat, 19 Feb 2022 00:20:48 GMT","pragma":"no-cache","cache-control":"no-cache, no-store, max-age=0, must-revalidate","expires":"Mon, 01 Jan 1990 00:00:00 GMT","content-type":"application/json; charset=utf-8","vary":"X-Origin, Referer, Origin,Accept-Encoding","server":"scaffolding on HTTPServer2","x-xss-protection":"0","x-frame-options":"SAMEORIGIN","x-content-type-options":"nosniff","alt-svc":"h3=\":443\"; ma=2592000,h3-29=\":443\"; ma=2592000,h3-Q050=\":443\"; ma=2592000,h3-Q046=\":443\"; ma=2592000,h3-Q043=\":443\"; ma=2592000,quic=\":443\"; ma=2592000; v=\"46,43\"","accept-ranges":"none","transfer-encoding":"chunked"}
[debug] [2022-02-19T00:20:48.921Z] >>> [apiv2][query] GET https://firebase.googleapis.com/v1beta1/projects/vue-3-crud [none]
[debug] [2022-02-19T00:20:49.250Z] <<< [apiv2][status] GET https://firebase.googleapis.com/v1beta1/projects/vue-3-crud 403
[debug] [2022-02-19T00:20:49.250Z] <<< [apiv2][body] GET https://firebase.googleapis.com/v1beta1/projects/vue-3-crud {"error":{"code":403,"message":"The caller does not have permission","status":"PERMISSION_DENIED"}}
[debug] [2022-02-19T00:20:49.251Z] HTTP Error: 403, The caller does not have permission
[debug] [2022-02-19T00:20:49.348Z] FirebaseError: HTTP Error: 403, The caller does not have permission
    at module.exports (C:\Users\jesse\AppData\Roaming\npm\node_modules\firebase-tools\lib\responseToError.js:47:12)
    at RetryOperation._fn (C:\Users\jesse\AppData\Roaming\npm\node_modules\firebase-tools\lib\apiv2.js:286:39)
    at processTicksAndRejections (node:internal/process/task_queues:96:5)
[error] 
[error] Error: Failed to get Firebase project vue-3-crud. Please make sure the project exists and your account has permission to access it.
